<?xml version="1.0" encoding="UTF-8"?>
<!-- Generated by org.testng.reporters.JUnitReportReporter -->
<testsuite hostname="MACH-PC176" failures="0" tests="5" name="com.JenkinUse.SampleProject.NewTest" time="66.153" errors="0" timestamp="2024-03-28T11:17:58 IST" skipped="4">
  <testcase classname="com.JenkinUse.SampleProject.NewTest" name="MachintelContent" time="66.153"/>
  <system-out/>
  <testcase classname="com.JenkinUse.SampleProject.NewTest" name="PricingPage">
    <skipped/>
  </testcase> <!-- PricingPage -->
  <system-out/>
  <testcase classname="com.JenkinUse.SampleProject.NewTest" name="WhyUsPage">
    <skipped/>
  </testcase> <!-- WhyUsPage -->
  <system-out/>
  <testcase classname="com.JenkinUse.SampleProject.NewTest" name="HomePage">
    <skipped/>
  </testcase> <!-- HomePage -->
  <system-out/>
  <testcase classname="com.JenkinUse.SampleProject.NewTest" name="OurDataPage">
    <skipped/>
  </testcase> <!-- OurDataPage -->
  <system-out/>
</testsuite> <!-- com.JenkinUse.SampleProject.NewTest -->
