<?xml version="1.0" encoding="UTF-8"?>
<!-- Generated by org.testng.reporters.JUnitReportReporter -->
<testsuite hostname="MACH-PC176" failures="0" tests="6" name="com.JenkinUse.SampleProject.NewTest" time="22.633" errors="0" timestamp="2024-03-28T15:56:09 IST" skipped="5">
  <testcase classname="com.JenkinUse.SampleProject.NewTest" name="ContentHubPage" time="22.633"/>
  <system-out/>
  <testcase classname="com.JenkinUse.SampleProject.NewTest" name="PricingPage">
    <skipped/>
  </testcase> <!-- PricingPage -->
  <system-out/>
  <testcase classname="com.JenkinUse.SampleProject.NewTest" name="WhyUsPage">
    <skipped/>
  </testcase> <!-- WhyUsPage -->
  <system-out/>
  <testcase classname="com.JenkinUse.SampleProject.NewTest" name="MachintelContent">
    <skipped/>
  </testcase> <!-- MachintelContent -->
  <system-out/>
  <testcase classname="com.JenkinUse.SampleProject.NewTest" name="HomePage">
    <skipped/>
  </testcase> <!-- HomePage -->
  <system-out/>
  <testcase classname="com.JenkinUse.SampleProject.NewTest" name="OurDataPage">
    <skipped/>
  </testcase> <!-- OurDataPage -->
  <system-out/>
</testsuite> <!-- com.JenkinUse.SampleProject.NewTest -->
