<?xml version="1.0" encoding="UTF-8"?>
<!-- Generated by org.testng.reporters.JUnitReportReporter -->
<testsuite hostname="MACH-PC176" failures="0" tests="1" name="com.JenkinUse.SampleProject.Attentity" time="9.231" errors="0" timestamp="2024-03-28T16:42:59 IST" skipped="0">
  <testcase classname="com.JenkinUse.SampleProject.Attentity" name="AttentityDataLicensingPage" time="9.231"/>
  <system-out/>
</testsuite> <!-- com.JenkinUse.SampleProject.Attentity -->
